12:49:00 **** Build of configuration Debug for project Empty_App ****
"C:\\Users\\Kushi\\ModusToolbox\\tools_3.4\\modus-shell\\bin\\make" CY_MAKE_IDE=eclipse CY_IDE_TOOLS_DIR=C:/Users/Kushi/ModusToolbox/tools_3.4 CY_IDE_BT_TOOLS_DIR= -j4 build_proj 
Tools Directory: C:/Users/Kushi/ModusToolbox/tools_3.4
Searching installed tools in progress...
Searching installed tools complete
INFO: Multiple tools versions were found in "/cygdrive/c/Users/Kushi/ModusToolbox/tools_3.2 /cygdrive/c/Users/Kushi/ModusToolbox/tools_3.4 C:/Users/Kushi/ModusToolbox/tools_3.2 C:/Users/Kushi/ModusToolbox/tools_3.4". This build is currently using "C:/Users/Kushi/ModusToolbox/tools_3.4". Check that this is the correct version that should be used in this build. To stop seeing this message, set the CY_TOOLS_PATHS environment variable to the location of the tools directory. This can be done either as an environment variable or set in the application Makefile.
NOTE: Using 'C:/Users/Kushi/ModusToolbox/tools_3.4/ninja/ninja.exe' from PATH.
Generating mtbninja data files...
Generating mtbninja data complete...
Toolchain validation: PASS
Initializing build: mtb-example-empty-app Debug APP_CY8CKIT-062-BLE GCC_ARM

Prebuild operations complete
# 0: Loading the application in directory 'C:/Users/Kushi/mtw/Empty_App'
# 0: Loading the ModusToolbox Technology Packs and Early Access Packs
# 0: Loading the tools information
[1/262] Building object file C:/Users/Kushi/mtw/Empty_App/build/Debug/bsps/APP_CY8CKIT-062-BLE/config/GeneratedSource/cycfg_qspi_memslot.o
[2/262] Building object file C:/Users/Kushi/mtw/Empty_App/build/Debug/bsps/APP_CY8CKIT-062-BLE/config/GeneratedSource/cycfg_routing.o
[3/262] Building object file C:/Users/Kushi/mtw/Empty_App/build/Debug/bsps/APP_CY8CKIT-062-BLE/COMPONENT_CM4/system_psoc6_cm4.o
[4/262] Building object file C:/Users/Kushi/mtw/Empty_App/build/Debug/bsps/APP_CY8CKIT-062-BLE/config/GeneratedSource/cycfg_pins.o
[5/262] Building object file C:/Users/Kushi/mtw/Empty_App/build/Debug/bsps/APP_CY8CKIT-062-BLE/config/GeneratedSource/cycfg_clocks.o
[6/262] Building object file C:/Users/Kushi/mtw/Empty_App/build/Debug/bsps/APP_CY8CKIT-062-BLE/config/GeneratedSource/cycfg.o
[7/262] Building object file C:/Users/Kushi/mtw/Empty_App/build/Debug/bsps/APP_CY8CKIT-062-BLE/config/GeneratedSource/cycfg_peripherals.o
[8/262] Building object file C:/Users/Kushi/mtw/Empty_App/build/Debug/bsps/APP_CY8CKIT-062-BLE/cybsp.o
[9/262] Building object file C:/Users/Kushi/mtw/Empty_App/build/Debug/bsps/APP_CY8CKIT-062-BLE/config/GeneratedSource/cycfg_system.o
[10/262] Building object file C:/Users/Kushi/mtw/Empty_App/build/Debug/libraries_shared/mtb-pdl-cat1/drivers/source/TOOLCHAIN_GCC_ARM/cy_syslib_ext.o
[11/262] Building object file C:/Users/Kushi/mtw/Empty_App/build/Debug/libraries_shared/abstraction-rtos/source/cy_worker_thread.o
FAILED: C:/Users/Kushi/mtw/Empty_App/build/Debug/libraries_shared/abstraction-rtos/source/cy_worker_thread.o 
C:/Users/Kushi/ModusToolbox/tools_3.4/gcc/bin/arm-none-eabi-gcc.exe -c -mcpu=cortex-m4 --specs=nano.specs -Og -mfloat-abi=softfp -mfpu=fpv4-sp-d16 -mthumb -ffunction-sections -fdata-sections -ffat-lto-objects -g -Wall -pipe -MMD -MP -MF C:/Users/Kushi/mtw/Empty_App/build/Debug/libraries_shared/abstraction-rtos/source/cy_worker_thread.o.d -MT C:/Users/Kushi/mtw/Empty_App/build/Debug/libraries_shared/abstraction-rtos/source/cy_worker_thread.o @C:/Users/Kushi/mtw/Empty_App/build/Debug/libraries_shared/abstraction-rtos/source/cy_worker_thread.o.rsp -o C:/Users/Kushi/mtw/Empty_App/build/Debug/libraries_shared/abstraction-rtos/source/cy_worker_thread.o -c C:/Users/Kushi/mtw/mtb_shared/abstraction-rtos/release-v1.9.0/source/cy_worker_thread.c
In file included from ../mtb_shared/abstraction-rtos/release-v1.9.0/include/cy_worker_thread.h:37,
                 from C:/Users/Kushi/mtw/mtb_shared/abstraction-rtos/release-v1.9.0/source/cy_worker_thread.c:30:
../mtb_shared/abstraction-rtos/release-v1.9.0/include/cyabs_rtos.h:32:10: fatal error: cyabs_rtos_impl.h: No such file or directory
   32 | #include "cyabs_rtos_impl.h"
      |          ^~~~~~~~~~~~~~~~~~~
compilation terminated.

[12/262] Building object file C:/Users/Kushi/mtw/Empty_App/build/Debug/libraries_shared/cat1cm0p/COMPONENT_CAT1A/COMPONENT_CM0P_BLESS/psoc6_cm0p_bless.o
[13/262] Building object file C:/Users/Kushi/mtw/Empty_App/build/Debug/local/main.o
[14/262] Building object file C:/Users/Kushi/mtw/Empty_App/build/Debug/libraries_shared/freertos-posix/source/FreeRTOS_POSIX_mqueue.o
[15/262] Building object file C:/Users/Kushi/mtw/Empty_App/build/Debug/libraries_shared/freertos-posix/source/FreeRTOS_POSIX_clock.o
[16/262] Building object file C:/Users/Kushi/mtw/Empty_App/build/Debug/libraries_shared/freertos-posix/source/FreeRTOS_POSIX_pthread.o
ninja: build stopped: subcommand failed.
make: *** [../mtb_shared/core-make/release-v3.5.1/make/core/ninja.mk:177: C:/Users/Kushi/mtw/Empty_App/build/APP_CY8CKIT-062-BLE/Debug/mtb-example-empty-app.elf] Error 1
"C:/Users/Kushi/ModusToolbox/tools_3.4/modus-shell/bin/make CY_MAKE_IDE=eclipse CY_IDE_TOOLS_DIR=C:/Users/Kushi/ModusToolbox/tools_3.4 CY_IDE_BT_TOOLS_DIR= -j4 build_proj" terminated with exit code 2. Build might be incomplete.

12:49:18 Build Failed. 2 errors, 0 warnings. (took 17s.346ms)

